<!DOCTYPE html>
<html>
<head>
    <title>Python-Unittest-Automation-Framework</title>
    <meta charset="utf-8">
    <meta name="viewport" content="width=device-width, initial-scale=1.0">
    <link rel="stylesheet" href="https://maxcdn.bootstrapcdn.com/bootstrap/3.3.6/css/bootstrap.min.css" integrity="sha384-1q8mTJOASx8j1Au+a5WDVnPi2lkFfwwEAa8hDDdjZlpLegxhjVME1fgjWPGmkzs7" crossorigin="anonymous">
</head>
<body>
    <div class="container">
        <div class="row">
            <div class="col-xs-12">
                <h2 class="text-capitalize">Python-Unittest-Automation-Framework</h2>
                <p class='attribute'><strong>Start Time: </strong>2023-09-19 10:52:55</p>
                <p class='attribute'><strong>Duration: </strong>35.79 s</p>
                <p class='attribute'><strong>Summary: </strong>Total: 4, Pass: 2, Fail: 2</p>
            </div>
        </div>
        <div class="row">
            <div class="col-xs-12 col-sm-10 col-md-10">
                <table class='table table-hover table-responsive'>
                    <thead>
                        <tr>
                            <th>test_cases.test_cases_login_page.TestLoginPage</th>
                            <th>Status</th>
                            <th></th>
                        </tr>
                    </thead>
                    <tbody>
                        <tr class='danger'>
                            <td class="col-xs-10">test_fail_global_search_product_attribute</td>
                            <td class="col-xs-1">
                                <span class="label label-danger" style="display:block;width:40px;">Fail</span>
                            </td>
                            <td class="col-xs-1">
                                <button class="btn btn-default btn-xs">View</button>
                            </td>
                        </tr>
                        <tr style="display:none;">
                            <td class="col-xs-9" colspan="3"><p>Verify User able to perform global search
WebApp Page Title after Login - Product attributes / nopCommerce administration
Test Case test_fail_global_search_product_attribute Executed
</p><p style="color:maroon;">AssertionError: False is not true</p><p style="color:maroon;">Traceback (most recent call last):
  File "E:\PythonFramework\PythonUnitTestFrameWork\utility\custom_logger.py", line 44, in wrapper
    raise e
  File "E:\PythonFramework\PythonUnitTestFrameWork\utility\custom_logger.py", line 38, in wrapper
    result = func(*args, **kwargs)
  File "E:\PythonFramework\PythonUnitTestFrameWork\test_cases\test_cases_login_page.py", line 64, in test_fail_global_search_product_attribute
    self.assertTrue(self.driver.title.__contains__("Fail"))
  File "C:\python\lib\unittest\case.py", line 687, in assertTrue
    raise self.failureException(msg)
AssertionError: False is not true
</p>
                            </td>
                        </tr>
                        <tr class='danger'>
                            <td class="col-xs-10">test_failure_login</td>
                            <td class="col-xs-1">
                                <span class="label label-danger" style="display:block;width:40px;">Fail</span>
                            </td>
                            <td class="col-xs-1">
                                <button class="btn btn-default btn-xs">View</button>
                            </td>
                        </tr>
                        <tr style="display:none;">
                            <td class="col-xs-9" colspan="3"><p>Verify Login Functionality of NopCommerce WebApp
WebApp Page Title after Login - Dashboard / nopCommerce administration
Test Case test_failure_login Executed
</p><p style="color:maroon;">AssertionError: 'Dashboard / nopCommerce administration' != 'Fail'
- Dashboard / nopCommerce administration
+ Fail
</p><p style="color:maroon;">Traceback (most recent call last):
  File "E:\PythonFramework\PythonUnitTestFrameWork\utility\custom_logger.py", line 44, in wrapper
    raise e
  File "E:\PythonFramework\PythonUnitTestFrameWork\utility\custom_logger.py", line 38, in wrapper
    result = func(*args, **kwargs)
  File "E:\PythonFramework\PythonUnitTestFrameWork\test_cases\test_cases_login_page.py", line 32, in test_failure_login
    self.assertEqual(self.driver.title, "Fail")
  File "C:\python\lib\unittest\case.py", line 845, in assertEqual
    assertion_func(first, second, msg=msg)
  File "C:\python\lib\unittest\case.py", line 1226, in assertMultiLineEqual
    self.fail(self._formatMessage(msg, standardMsg))
  File "C:\python\lib\unittest\case.py", line 675, in fail
    raise self.failureException(msg)
AssertionError: 'Dashboard / nopCommerce administration' != 'Fail'
- Dashboard / nopCommerce administration
+ Fail

</p>
                            </td>
                        </tr>
                        <tr class='success'>
                            <td class="col-xs-10">test_global_search_product_attribute</td>
                            <td class="col-xs-1">
                                <span class="label label-success" style="display:block;width:40px;">Pass</span>
                            </td>
                            <td class="col-xs-1">
                                <button class="btn btn-default btn-xs">View</button>
                            </td>
                        </tr>
                        <tr style="display:none;">
                            <td class="col-xs-9" colspan="3"><p>Verify User able to perform global search
WebApp Page Title after Login - Product attributes / nopCommerce administration
Test Case test_global_search_product_attribute Executed
</p>
                            </td>
                        </tr>
                        <tr class='success'>
                            <td class="col-xs-10">test_successful_login</td>
                            <td class="col-xs-1">
                                <span class="label label-success" style="display:block;width:40px;">Pass</span>
                            </td>
                            <td class="col-xs-1">
                                <button class="btn btn-default btn-xs">View</button>
                            </td>
                        </tr>
                        <tr style="display:none;">
                            <td class="col-xs-9" colspan="3"><p>Verify Login Functionality of NopCommerce WebApp
WebApp Page Title after Login - Dashboard / nopCommerce administration
Test Case test_successful_login Executed
</p>
                            </td>
                        </tr>
                        <tr>
                            <td colspan="3">
                                Total: 4, Pass: 2, Fail: 2 -- Duration: 35.79 s
                            </td>
                        </tr>
                    </tbody>
                </table>
            </div>
        </div>
    </div>
    <script src="https://ajax.googleapis.com/ajax/libs/jquery/2.2.4/jquery.min.js"></script>
    <script type="text/javascript">
        $(document).ready(function(){
            $('td').on('click', '.btn', function(e){
                e.preventDefault();
                e.stopImmediatePropagation();
                var $this = $(this);
                var $nextRow = $this.closest('tr').next('tr');
                $nextRow.slideToggle("fast");
                $this.text(function(i, text){
                    if (text === 'View') {
                        return 'Hide';
                    } else {
                        return 'View';
                    };
                });
            });
        });
    </script>
</body>
</html